<?xml version="1.0" encoding="UTF-8"?>
<!-- Generated by org.testng.reporters.JUnitXMLReporter -->
<testsuite hostname="TATA" name="Default test" tests="12" failures="0" timestamp="7 Jun 2017 18:22:17 GMT" time="29.551" errors="0">
  <testcase name="execute" time="25.879" classname="runner.ExecuteTestCases"/>
  <testcase name="execute" time="0.406" classname="runner.ExecuteTestCases"/>
  <testcase name="execute" time="0.148" classname="runner.ExecuteTestCases"/>
  <testcase name="execute" time="0.317" classname="runner.ExecuteTestCases"/>
  <testcase name="execute" time="0.351" classname="runner.ExecuteTestCases"/>
  <testcase name="execute" time="0.228" classname="runner.ExecuteTestCases"/>
  <testcase name="execute" time="0.205" classname="runner.ExecuteTestCases"/>
  <testcase name="execute" time="0.191" classname="runner.ExecuteTestCases"/>
  <testcase name="execute" time="0.194" classname="runner.ExecuteTestCases"/>
  <testcase name="execute" time="0.133" classname="runner.ExecuteTestCases"/>
  <testcase name="execute" time="0.137" classname="runner.ExecuteTestCases"/>
  <testcase name="execute" time="1.281" classname="runner.ExecuteTestCases"/>
</testsuite> <!-- Default test -->
