<?xml version="1.0" encoding="UTF-8"?>
<!-- Generated by org.testng.reporters.JUnitXMLReporter -->
<testsuite hostname="TATA" name="Test" tests="12" failures="0" timestamp="7 Jun 2017 18:59:20 GMT" time="43.268" errors="0">
  <testcase name="execute" time="31.248" classname="runner.ExecuteTestCases"/>
  <testcase name="execute" time="0.875" classname="runner.ExecuteTestCases"/>
  <testcase name="execute" time="0.179" classname="runner.ExecuteTestCases"/>
  <testcase name="execute" time="0.449" classname="runner.ExecuteTestCases"/>
  <testcase name="execute" time="0.458" classname="runner.ExecuteTestCases"/>
  <testcase name="execute" time="0.251" classname="runner.ExecuteTestCases"/>
  <testcase name="execute" time="0.554" classname="runner.ExecuteTestCases"/>
  <testcase name="execute" time="0.232" classname="runner.ExecuteTestCases"/>
  <testcase name="execute" time="0.235" classname="runner.ExecuteTestCases"/>
  <testcase name="execute" time="0.168" classname="runner.ExecuteTestCases"/>
  <testcase name="execute" time="0.261" classname="runner.ExecuteTestCases"/>
  <testcase name="execute" time="8.282" classname="runner.ExecuteTestCases"/>
</testsuite> <!-- Test -->
